2019-08-14 11:51:24 [discord.client] [WARNING]: PyNaCl is not installed, voice will NOT be supported
2019-08-14 11:51:27 [GLUON] [INFO]: READY
2019-08-14 12:03:12 [discord.client] [WARNING]: PyNaCl is not installed, voice will NOT be supported
2019-08-14 12:03:15 [GLUON] [INFO]: READY
2019-08-14 12:03:47 [discord.client] [WARNING]: PyNaCl is not installed, voice will NOT be supported
2019-08-14 12:03:50 [GLUON] [INFO]: READY
2019-08-14 12:06:03 [discord.client] [WARNING]: PyNaCl is not installed, voice will NOT be supported
2019-08-14 12:06:06 [GLUON] [INFO]: READY
2019-08-14 21:12:23 [discord.client] [WARNING]: PyNaCl is not installed, voice will NOT be supported
2019-08-14 21:12:25 [GLUON] [INFO]: READY
2019-08-14 21:12:58 [discord.client] [WARNING]: PyNaCl is not installed, voice will NOT be supported
2019-08-14 21:13:01 [GLUON] [INFO]: READY
2019-08-14 21:13:18 [discord.client] [WARNING]: PyNaCl is not installed, voice will NOT be supported
2019-08-14 21:13:21 [GLUON] [INFO]: READY
2019-08-14 21:13:48 [discord.client] [WARNING]: PyNaCl is not installed, voice will NOT be supported
2019-08-14 21:14:01 [discord.client] [WARNING]: PyNaCl is not installed, voice will NOT be supported
2019-08-14 21:14:04 [GLUON] [INFO]: READY
2019-08-15 22:49:58 [discord.client] [WARNING]: PyNaCl is not installed, voice will NOT be supported
2019-08-15 22:50:01 [GLUON] [INFO]: READY
2019-08-15 22:51:21 [discord.client] [WARNING]: PyNaCl is not installed, voice will NOT be supported
2019-08-15 22:51:24 [GLUON] [INFO]: READY
2019-08-15 22:52:49 [discord.client] [WARNING]: PyNaCl is not installed, voice will NOT be supported
2019-08-15 22:52:52 [GLUON] [INFO]: READY
2019-08-16 10:35:08 [discord.client] [WARNING]: PyNaCl is not installed, voice will NOT be supported
2019-08-16 10:35:11 [GLUON] [INFO]: READY
2019-08-16 10:35:25 [discord.client] [WARNING]: PyNaCl is not installed, voice will NOT be supported
2019-08-16 10:35:27 [GLUON] [INFO]: READY
2019-08-16 10:36:17 [discord.client] [WARNING]: PyNaCl is not installed, voice will NOT be supported
2019-08-16 10:36:20 [GLUON] [INFO]: READY
2019-08-16 10:36:36 [discord.client] [WARNING]: PyNaCl is not installed, voice will NOT be supported
2019-08-16 10:36:39 [GLUON] [INFO]: READY
2019-08-16 10:37:11 [discord.client] [WARNING]: PyNaCl is not installed, voice will NOT be supported
2019-08-16 10:37:14 [GLUON] [INFO]: READY
2019-08-16 10:37:32 [discord.client] [WARNING]: PyNaCl is not installed, voice will NOT be supported
2019-08-16 10:37:35 [GLUON] [INFO]: READY
2019-08-16 10:39:12 [discord.client] [WARNING]: PyNaCl is not installed, voice will NOT be supported
2019-08-16 10:39:15 [GLUON] [INFO]: READY
2019-08-16 10:42:10 [discord.client] [WARNING]: PyNaCl is not installed, voice will NOT be supported
2019-08-16 10:42:13 [GLUON] [INFO]: READY
2019-08-16 10:43:44 [discord.client] [WARNING]: PyNaCl is not installed, voice will NOT be supported
2019-08-16 10:43:47 [GLUON] [INFO]: READY
2019-08-16 10:44:16 [discord.client] [WARNING]: PyNaCl is not installed, voice will NOT be supported
2019-08-16 10:44:19 [GLUON] [INFO]: READY
2019-08-16 10:45:25 [discord.client] [WARNING]: PyNaCl is not installed, voice will NOT be supported
2019-08-16 10:45:27 [GLUON] [INFO]: READY
2019-08-16 10:52:43 [discord.client] [WARNING]: PyNaCl is not installed, voice will NOT be supported
2019-08-16 10:52:46 [GLUON] [INFO]: READY
2019-08-16 10:52:53 [GLUON] [ERROR]: Grand Master Bit#3709 - !shop
2019-08-16 10:52:53 [GLUON] [ERROR]: Command raised an exception: TypeError: 'Role' object is not iterable
2019-08-16 10:53:36 [discord.client] [WARNING]: PyNaCl is not installed, voice will NOT be supported
2019-08-16 10:53:39 [GLUON] [INFO]: READY
2019-08-16 10:53:42 [GLUON] [ERROR]: Grand Master Bit#3709 - !магазин
2019-08-16 10:53:42 [GLUON] [ERROR]: Command raised an exception: AttributeError: 'NoneType' object has no attribute 'mention'
2019-08-16 10:54:26 [discord.client] [WARNING]: PyNaCl is not installed, voice will NOT be supported
2019-08-16 10:54:29 [GLUON] [INFO]: READY
2019-08-16 10:54:32 [GLUON] [ERROR]: Grand Master Bit#3709 - !магазин
2019-08-16 10:54:32 [GLUON] [ERROR]: Command raised an exception: AttributeError: 'int' object has no attribute 'mention'
2019-08-16 10:54:48 [discord.client] [WARNING]: PyNaCl is not installed, voice will NOT be supported
2019-08-16 10:54:50 [GLUON] [INFO]: READY
2019-08-16 10:54:52 [GLUON] [ERROR]: Grand Master Bit#3709 - !shop
2019-08-16 10:54:52 [GLUON] [ERROR]: Command raised an exception: AttributeError: 'int' object has no attribute 'mention'
2019-08-16 10:55:34 [discord.client] [WARNING]: PyNaCl is not installed, voice will NOT be supported
2019-08-16 10:55:37 [GLUON] [INFO]: READY
2019-08-16 10:56:13 [discord.client] [WARNING]: PyNaCl is not installed, voice will NOT be supported
2019-08-16 10:56:16 [GLUON] [INFO]: READY
2019-08-16 10:56:19 [GLUON] [ERROR]: Grand Master Bit#3709 - !shop
2019-08-16 10:56:19 [GLUON] [ERROR]: Command raised an exception: AttributeError: 'NoneType' object has no attribute 'mention'
2019-08-16 10:56:33 [discord.client] [WARNING]: PyNaCl is not installed, voice will NOT be supported
2019-08-16 10:56:36 [GLUON] [INFO]: READY
2019-08-16 10:57:24 [discord.client] [WARNING]: PyNaCl is not installed, voice will NOT be supported
2019-08-16 10:57:27 [GLUON] [INFO]: READY
2019-08-17 17:49:35 [discord.client] [WARNING]: PyNaCl is not installed, voice will NOT be supported
2019-08-17 17:49:38 [GLUON] [INFO]: READY
2019-08-17 17:49:38 [discord.ext.tasks] [ERROR]: Internal background task failed.
Traceback (most recent call last):
  File "D:\PycharmProjects\OSCORD\venv\lib\site-packages\discord\ext\tasks\__init__.py", line 68, in _loop
    await self.coro(*args, **kwargs)
  File "D:\PycharmProjects\AVASCORD\gaynigger.py", line 188, in delete_everyday_bonus
    await self.guild.get_role(row['role_id']).delete()
AttributeError: 'NoneType' object has no attribute 'delete'
2019-08-17 17:50:09 [discord.client] [WARNING]: PyNaCl is not installed, voice will NOT be supported
2019-08-17 17:50:12 [GLUON] [INFO]: READY
2019-08-17 17:50:12 [discord.ext.tasks] [ERROR]: Internal background task failed.
Traceback (most recent call last):
  File "D:\PycharmProjects\OSCORD\venv\lib\site-packages\discord\ext\tasks\__init__.py", line 68, in _loop
    await self.coro(*args, **kwargs)
  File "D:\PycharmProjects\AVASCORD\gaynigger.py", line 189, in delete_everyday_bonus
    await self.guild.get_role(row['role_id']).delete()
AttributeError: 'NoneType' object has no attribute 'delete'
2019-08-17 18:12:31 [discord.client] [WARNING]: PyNaCl is not installed, voice will NOT be supported
2019-08-17 18:12:34 [GLUON] [INFO]: READY
2019-08-17 18:13:01 [discord.client] [WARNING]: PyNaCl is not installed, voice will NOT be supported
2019-08-17 18:13:04 [GLUON] [INFO]: READY
2019-08-17 18:26:52 [discord.client] [WARNING]: PyNaCl is not installed, voice will NOT be supported
2019-08-17 18:26:55 [GLUON] [INFO]: READY
2019-08-17 18:32:02 [discord.client] [WARNING]: PyNaCl is not installed, voice will NOT be supported
2019-08-17 18:32:05 [GLUON] [INFO]: READY
2019-08-17 18:32:40 [discord.client] [WARNING]: PyNaCl is not installed, voice will NOT be supported
2019-08-17 18:32:43 [GLUON] [INFO]: READY
2019-08-17 18:32:43 [discord.ext.tasks] [ERROR]: Internal background task failed.
Traceback (most recent call last):
  File "D:\PycharmProjects\OSCORD\venv\lib\site-packages\discord\ext\tasks\__init__.py", line 68, in _loop
    await self.coro(*args, **kwargs)
  File "D:\PycharmProjects\AVASCORD\cogs\activity.py", line 41, in voice_activity
    members += {member.id for member in ch.members}
TypeError: unsupported operand type(s) for +=: 'dict' and 'set'
2019-08-17 18:32:58 [discord.client] [WARNING]: PyNaCl is not installed, voice will NOT be supported
2019-08-17 18:33:01 [GLUON] [INFO]: READY
2019-08-17 18:33:01 [discord.ext.tasks] [ERROR]: Internal background task failed.
Traceback (most recent call last):
  File "D:\PycharmProjects\OSCORD\venv\lib\site-packages\discord\ext\tasks\__init__.py", line 68, in _loop
    await self.coro(*args, **kwargs)
  File "D:\PycharmProjects\AVASCORD\cogs\activity.py", line 41, in voice_activity
    members += {member.id for member in ch.members}
TypeError: unsupported operand type(s) for +=: 'set' and 'set'
2019-08-17 18:33:30 [discord.client] [WARNING]: PyNaCl is not installed, voice will NOT be supported
2019-08-17 18:33:32 [GLUON] [INFO]: READY
2019-08-17 18:33:45 [discord.client] [WARNING]: PyNaCl is not installed, voice will NOT be supported
2019-08-17 18:33:47 [GLUON] [INFO]: READY
2019-08-17 19:03:14 [discord.client] [WARNING]: PyNaCl is not installed, voice will NOT be supported
2019-08-17 19:03:17 [GLUON] [INFO]: READY
2019-08-17 19:03:17 [discord.ext.tasks] [ERROR]: Internal background task failed.
Traceback (most recent call last):
  File "D:\PycharmProjects\OSCORD\venv\lib\site-packages\discord\ext\tasks\__init__.py", line 68, in _loop
    await self.coro(*args, **kwargs)
  File "D:\PycharmProjects\AVASCORD\cogs\activity.py", line 42, in voice_activity
    if member.is_bot:
AttributeError: 'Member' object has no attribute 'is_bot'
2019-08-17 19:14:24 [discord.client] [WARNING]: PyNaCl is not installed, voice will NOT be supported
2019-08-17 19:14:26 [GLUON] [INFO]: READY
2019-08-17 19:19:47 [discord.client] [WARNING]: PyNaCl is not installed, voice will NOT be supported
2019-08-17 19:19:50 [GLUON] [INFO]: READY
2019-08-17 19:20:16 [discord.client] [WARNING]: PyNaCl is not installed, voice will NOT be supported
2019-08-17 19:20:18 [GLUON] [INFO]: READY
2019-08-17 19:20:40 [discord.client] [WARNING]: PyNaCl is not installed, voice will NOT be supported
2019-08-17 19:21:11 [discord.client] [WARNING]: PyNaCl is not installed, voice will NOT be supported
2019-08-17 19:21:14 [GLUON] [INFO]: READY
2019-08-17 19:28:10 [discord.client] [WARNING]: PyNaCl is not installed, voice will NOT be supported
2019-08-17 19:28:12 [GLUON] [INFO]: READY
2019-08-17 19:28:31 [discord.client] [WARNING]: PyNaCl is not installed, voice will NOT be supported
2019-08-17 19:28:35 [GLUON] [INFO]: READY
2019-08-17 19:34:39 [discord.client] [WARNING]: PyNaCl is not installed, voice will NOT be supported
2019-08-17 19:34:42 [GLUON] [INFO]: READY
2019-08-19 12:34:37 [discord.client] [WARNING]: PyNaCl is not installed, voice will NOT be supported
2019-08-19 12:34:40 [GLUON] [INFO]: READY
2019-08-19 12:34:51 [discord.http] [WARNING]: We are being rate limited. Retrying in 0.92 seconds. Handled under the bucket "POST:612931972511039507:None:/channels/{channel_id}/messages"
2019-08-19 12:35:01 [GLUON] [ERROR]: Grand Master Bit#3709 - !kiss
2019-08-19 12:35:01 [GLUON] [ERROR]: no money 0
2019-08-19 12:35:25 [discord.client] [WARNING]: PyNaCl is not installed, voice will NOT be supported
2019-08-19 12:35:29 [GLUON] [INFO]: READY
2019-08-19 12:35:31 [GLUON] [ERROR]: Grand Master Bit#3709 - !kiss
2019-08-19 12:35:31 [GLUON] [ERROR]: no money {'_id': ObjectId('5d582dce73a5c94d775095a0'), 'member_id': 179302715094990849, 'silver': 500, 'cc': 0, 'gold': 0, 'energy': 0, 'activity': 1, 'pvp': 0}
2019-08-19 12:35:55 [discord.client] [WARNING]: PyNaCl is not installed, voice will NOT be supported
2019-08-19 12:35:58 [GLUON] [INFO]: READY
2019-08-19 12:35:59 [GLUON] [ERROR]: Grand Master Bit#3709 - !kiss
2019-08-19 12:35:59 [GLUON] [ERROR]: no money energy
2019-08-19 12:38:32 [discord.client] [WARNING]: PyNaCl is not installed, voice will NOT be supported
2019-08-19 12:38:34 [GLUON] [INFO]: READY
2019-08-19 12:38:36 [GLUON] [ERROR]: Grand Master Bit#3709 - !kiss
2019-08-19 12:38:36 [GLUON] [ERROR]: no money:energy
2019-08-25 21:55:56 [discord.client] [WARNING]: PyNaCl is not installed, voice will NOT be supported
2019-08-25 21:55:59 [GLUON] [INFO]: READY
2019-08-26 15:26:53 [discord.client] [WARNING]: PyNaCl is not installed, voice will NOT be supported
2019-08-26 15:26:56 [GLUON] [INFO]: READY
2019-08-26 15:27:04 [GLUON] [ERROR]: Grand Master Bit#3709 - !adgold <@179302715094990849> 1000
2019-08-26 15:27:04 [GLUON] [ERROR]: Command raised an exception: AssertionError: No fields found
2019-08-26 15:27:16 [GLUON] [ERROR]: Grand Master Bit#3709 - !adactivity <@179302715094990849>
2019-08-26 15:27:16 [GLUON] [ERROR]: money is a required argument that is missing.
2019-08-26 15:27:24 [GLUON] [ERROR]: Grand Master Bit#3709 - !adactivity <@179302715094990849> 100
2019-08-26 15:27:24 [GLUON] [ERROR]: Command raised an exception: AssertionError: No fields found
2019-08-26 15:30:14 [discord.client] [WARNING]: PyNaCl is not installed, voice will NOT be supported
2019-08-26 15:32:21 [discord.client] [WARNING]: PyNaCl is not installed, voice will NOT be supported
2019-08-26 15:32:23 [GLUON] [INFO]: READY
2019-08-27 17:40:57 [discord.client] [WARNING]: PyNaCl is not installed, voice will NOT be supported
2019-08-27 17:41:00 [GLUON] [INFO]: READY
2019-08-27 17:41:59 [discord.client] [WARNING]: PyNaCl is not installed, voice will NOT be supported
2019-08-27 17:42:02 [GLUON] [INFO]: READY
2019-08-27 17:42:03 [GLUON] [ERROR]: Grand Master Bit#3709 - !cmds
2019-08-27 17:42:03 [GLUON] [ERROR]: Command raised an exception: ValueError: too many values to unpack (expected 2)
2019-08-27 17:42:19 [discord.client] [WARNING]: PyNaCl is not installed, voice will NOT be supported
2019-08-27 17:42:23 [GLUON] [INFO]: READY
2019-08-27 17:42:24 [GLUON] [ERROR]: Grand Master Bit#3709 - !cmds
2019-08-27 17:42:24 [GLUON] [ERROR]: Command raised an exception: AttributeError: 'str' object has no attribute 'get_commands'
2019-08-27 17:42:35 [discord.client] [WARNING]: PyNaCl is not installed, voice will NOT be supported
2019-08-27 17:42:38 [GLUON] [INFO]: READY
2019-08-27 17:42:38 [GLUON] [ERROR]: Grand Master Bit#3709 - !cmds
2019-08-27 17:42:38 [GLUON] [ERROR]: Command raised an exception: AttributeError: 'str' object has no attribute 'get_commands'
2019-08-27 17:42:56 [discord.client] [WARNING]: PyNaCl is not installed, voice will NOT be supported
2019-08-27 17:42:58 [GLUON] [ERROR]: Grand Master Bit#3709 - !cmds
2019-08-27 17:42:58 [GLUON] [ERROR]: Command raised an exception: AttributeError: 'str' object has no attribute 'get_commands'
2019-08-27 17:42:59 [GLUON] [INFO]: READY
2019-08-27 17:43:18 [discord.client] [WARNING]: PyNaCl is not installed, voice will NOT be supported
2019-08-27 17:43:19 [GLUON] [ERROR]: Grand Master Bit#3709 - !cmds
2019-08-27 17:43:19 [GLUON] [ERROR]: Command raised an exception: TypeError: can only concatenate str (not "list") to str
2019-08-27 17:43:21 [GLUON] [INFO]: READY
2019-08-27 17:43:46 [discord.client] [WARNING]: PyNaCl is not installed, voice will NOT be supported
2019-08-27 17:43:49 [GLUON] [INFO]: READY
2019-08-27 17:43:50 [GLUON] [ERROR]: Grand Master Bit#3709 - !cmds
2019-08-27 17:43:50 [GLUON] [ERROR]: Command raised an exception: TypeError: can only concatenate str (not "list") to str
2019-08-27 17:44:43 [discord.client] [WARNING]: PyNaCl is not installed, voice will NOT be supported
2019-08-27 17:44:46 [GLUON] [INFO]: READY
2019-08-27 17:48:29 [discord.client] [WARNING]: PyNaCl is not installed, voice will NOT be supported
2019-08-27 17:48:33 [GLUON] [ERROR]: Grand Master Bit#3709 - !cmds
2019-08-27 17:48:33 [GLUON] [ERROR]: Command raised an exception: AttributeError: 'Group' object has no attribute 'get_commands'
2019-08-27 17:48:34 [GLUON] [INFO]: READY
2019-08-27 17:50:36 [discord.client] [WARNING]: PyNaCl is not installed, voice will NOT be supported
2019-08-27 17:50:40 [GLUON] [INFO]: READY
2019-08-27 17:51:44 [discord.client] [WARNING]: PyNaCl is not installed, voice will NOT be supported
2019-08-27 17:51:46 [GLUON] [INFO]: READY
2019-08-27 17:52:36 [discord.client] [WARNING]: PyNaCl is not installed, voice will NOT be supported
2019-08-27 17:52:39 [GLUON] [INFO]: READY
2019-08-27 17:52:57 [discord.client] [WARNING]: PyNaCl is not installed, voice will NOT be supported
2019-08-27 17:53:01 [GLUON] [INFO]: READY
2019-08-27 17:54:13 [discord.client] [WARNING]: PyNaCl is not installed, voice will NOT be supported
2019-08-27 17:54:15 [GLUON] [INFO]: READY
2019-08-27 17:54:16 [GLUON] [ERROR]: Grand Master Bit#3709 - !cmds
2019-08-27 17:54:16 [GLUON] [ERROR]: Command raised an exception: TypeError: can only concatenate str (not "list") to str
2019-08-27 17:54:30 [discord.client] [WARNING]: PyNaCl is not installed, voice will NOT be supported
2019-08-27 17:54:33 [GLUON] [INFO]: READY
2019-08-27 18:00:17 [discord.client] [WARNING]: PyNaCl is not installed, voice will NOT be supported
2019-08-27 18:00:20 [GLUON] [INFO]: READY
2019-08-27 18:00:20 [discord.gateway] [WARNING]: Unknown event PRESENCES_REPLACE.
2019-08-27 18:01:13 [discord.client] [WARNING]: PyNaCl is not installed, voice will NOT be supported
2019-08-27 18:01:16 [GLUON] [INFO]: READY
2019-08-28 19:33:32 [discord.client] [WARNING]: PyNaCl is not installed, voice will NOT be supported
